{"level":"info","message":"Server running at http://localhost:5000/api/v1","timestamp":"Sat Sep 30 2017 01:48:44 GMT+0530 (IST)"}
{"level":"info","message":"Server running at http://localhost:5000/api/v1","timestamp":"Sat Sep 30 2017 02:47:44 GMT+0530 (IST)"}
{"dir":"/home/aniket/projects/blocks","level":"info","message":"","timestamp":"Sat Sep 30 2017 02:47:44 GMT+0530 (IST)"}
{"level":"info","message":"Server running at http://localhost:5000/api/v1","timestamp":"Sat Sep 30 2017 02:49:06 GMT+0530 (IST)"}
{"message":"EACCES: permission denied, mkdir '/src'","stack":"Error: EACCES: permission denied, mkdir '/src'","errno":-13,"code":"EACCES","syscall":"mkdir","path":"/src","level":"error","timestamp":"Sat Sep 30 2017 02:49:06 GMT+0530 (IST)"}
{"level":"info","message":"","timestamp":"Sat Sep 30 2017 02:49:06 GMT+0530 (IST)"}
{"level":"info","message":"Server running at http://localhost:5000/api/v1","timestamp":"Sat Sep 30 2017 02:49:35 GMT+0530 (IST)"}
{"dir":"/home/aniket/projects/blockchain/src/storage/blocks","level":"info","message":"","timestamp":"Sat Sep 30 2017 02:49:35 GMT+0530 (IST)"}
{"level":"info","message":"Server running at http://localhost:5000/api/v1","timestamp":"Sat Sep 30 2017 03:04:28 GMT+0530 (IST)"}
{"dir":"/home/aniket/projects/blockchain/src/storage/blocks","level":"info","message":"","timestamp":"Sat Sep 30 2017 03:04:28 GMT+0530 (IST)"}
{"level":"info","message":"Server running at http://localhost:5000/api/v1","timestamp":"Sat Sep 30 2017 03:20:57 GMT+0530 (IST)"}
{"dir":"/home/aniket/projects/blockchain/src/storage/blocks","level":"info","message":"","timestamp":"Sat Sep 30 2017 03:20:57 GMT+0530 (IST)"}
{"level":"info","message":"Server running at http://localhost:5000/api/v1","timestamp":"Sat Sep 30 2017 03:23:06 GMT+0530 (IST)"}
{"dir":"/home/aniket/projects/blockchain/src/storage/blocks","level":"info","message":"","timestamp":"Sat Sep 30 2017 03:23:06 GMT+0530 (IST)"}
{"level":"info","message":"Server running at http://localhost:5000/api/v1","timestamp":"Sat Sep 30 2017 03:25:29 GMT+0530 (IST)"}
{"dir":"/home/aniket/projects/blockchain/src/storage/blocks","level":"info","message":"","timestamp":"Sat Sep 30 2017 03:25:29 GMT+0530 (IST)"}
{"level":"info","message":"Server running at http://localhost:5000/api/v1","timestamp":"Sat Sep 30 2017 03:26:43 GMT+0530 (IST)"}
{"dir":"/home/aniket/projects/blockchain/src/storage/blocks","level":"info","message":"","timestamp":"Sat Sep 30 2017 03:26:43 GMT+0530 (IST)"}
{"level":"info","message":"Server running at http://localhost:5000/api/v1","timestamp":"Sat Sep 30 2017 03:28:45 GMT+0530 (IST)"}
{"dir":"/home/aniket/projects/blockchain/src/storage/blocks","level":"info","message":"","timestamp":"Sat Sep 30 2017 03:28:45 GMT+0530 (IST)"}
{"level":"info","message":"Server running at http://localhost:5000/api/v1","timestamp":"Sat Sep 30 2017 03:30:24 GMT+0530 (IST)"}
{"dir":"/home/aniket/projects/blockchain/src/storage/blocks","level":"info","message":"","timestamp":"Sat Sep 30 2017 03:30:24 GMT+0530 (IST)"}
{"level":"info","message":"Server running at http://localhost:5000/api/v1","timestamp":"Sat Sep 30 2017 03:31:12 GMT+0530 (IST)"}
{"dir":"/home/aniket/projects/blockchain/src/storage/blocks","level":"info","message":"","timestamp":"Sat Sep 30 2017 03:31:12 GMT+0530 (IST)"}
{"level":"info","message":"","timestamp":"Sat Sep 30 2017 03:33:36 GMT+0530 (IST)"}
{"level":"info","message":"Server running at http://localhost:5000/api/v1","timestamp":"Sat Sep 30 2017 03:33:36 GMT+0530 (IST)"}
{"dir":"/home/aniket/projects/blockchain/src/storage/blocks","level":"info","message":"","timestamp":"Sat Sep 30 2017 03:33:36 GMT+0530 (IST)"}
{"level":"info","message":"","timestamp":"Sat Sep 30 2017 03:34:24 GMT+0530 (IST)"}
{"level":"info","message":"Server running at http://localhost:5000/api/v1","timestamp":"Sat Sep 30 2017 03:34:24 GMT+0530 (IST)"}
{"dir":"/home/aniket/projects/blockchain/src/storage/blocks","level":"info","message":"","timestamp":"Sat Sep 30 2017 03:34:25 GMT+0530 (IST)"}
{"level":"info","message":"Server running at http://localhost:5000/api/v1","timestamp":"Sat Sep 30 2017 03:49:30 GMT+0530 (IST)"}
{"message":"[PARSE-ERROR] /home/aniket/projects/blockchain/src/storage/blocks/cfcd208495d565ef66e7dff9f98764da does not look like a valid storage file!","stack":"Error: [PARSE-ERROR] /home/aniket/projects/blockchain/src/storage/blocks/cfcd208495d565ef66e7dff9f98764da does not look like a valid storage file!\n    at /home/aniket/projects/blockchain/node_modules/node-persist/src/local-storage.js:648:68\n    at tryToString (fs.js:513:3)\n    at FSReqWrap.readFileAfterClose [as oncomplete] (fs.js:501:12)","level":"error","timestamp":"Sat Sep 30 2017 03:49:30 GMT+0530 (IST)"}
{"level":"info","message":"","timestamp":"Sat Sep 30 2017 03:49:30 GMT+0530 (IST)"}
{"level":"info","message":"Server running at http://localhost:5000/api/v1","timestamp":"Sat Sep 30 2017 03:50:06 GMT+0530 (IST)"}
{"dir":"/home/aniket/projects/blockchain/src/storage/blocks","level":"info","message":"","timestamp":"Sat Sep 30 2017 03:50:07 GMT+0530 (IST)"}
{"level":"info","message":"Server running at http://localhost:5000/api/v1","timestamp":"Tue Oct 03 2017 19:09:29 GMT+0530 (IST)"}
{"dir":"/home/aniket/projects/blockchain/src/storage/blocks","level":"info","message":"","timestamp":"Tue Oct 03 2017 19:09:29 GMT+0530 (IST)"}
{"level":"info","message":"Server running at http://localhost:5000/api/v1","timestamp":"Sun Oct 08 2017 04:52:33 GMT+0530 (IST)"}
{"dir":"/home/aniket/projects/blockchain/src/storage/blocks","level":"info","message":"","timestamp":"Sun Oct 08 2017 04:52:33 GMT+0530 (IST)"}
{"level":"info","message":"Block with 0 added to storage","timestamp":"Sun Oct 08 2017 04:52:33 GMT+0530 (IST)"}
{"level":"info","message":"Server running at http://localhost:5000/api/v1","timestamp":"Sun Oct 08 2017 05:01:15 GMT+0530 (IST)"}
{"level":"info","message":"Block with index 0 added to storage","timestamp":"Sun Oct 08 2017 05:01:15 GMT+0530 (IST)"}
{"dir":"/home/aniket/projects/blockchain/src/storage/blocks","level":"info","message":"","timestamp":"Sun Oct 08 2017 05:01:15 GMT+0530 (IST)"}
{"level":"info","message":"Server running at http://localhost:5000/api/v1","timestamp":"Sun Oct 08 2017 05:07:15 GMT+0530 (IST)"}
{"level":"info","message":"Block with index 0 added to storage","timestamp":"Sun Oct 08 2017 05:07:15 GMT+0530 (IST)"}
{"dir":"/home/aniket/projects/blockchain/src/storage/blocks","level":"info","message":"","timestamp":"Sun Oct 08 2017 05:07:15 GMT+0530 (IST)"}
{"level":"info","message":"Server running at http://localhost:5000/api/v1","timestamp":"Sun Oct 08 2017 05:13:41 GMT+0530 (IST)"}
{"level":"info","message":"Block with index 0 added to storage","timestamp":"Sun Oct 08 2017 05:13:41 GMT+0530 (IST)"}
{"dir":"/home/aniket/projects/blockchain/src/storage/blocks","level":"info","message":"","timestamp":"Sun Oct 08 2017 05:13:41 GMT+0530 (IST)"}
{"level":"info","message":"Server running at http://localhost:5000/api/v1","timestamp":"Sun Oct 08 2017 05:14:51 GMT+0530 (IST)"}
{"level":"info","message":"Block with index 0 added to storage","timestamp":"Sun Oct 08 2017 05:14:51 GMT+0530 (IST)"}
{"dir":"/home/aniket/projects/blockchain/src/storage/blocks","level":"info","message":"","timestamp":"Sun Oct 08 2017 05:14:51 GMT+0530 (IST)"}
{"level":"info","message":"Server running at http://localhost:5000/api/v1","timestamp":"Sun Oct 08 2017 05:15:39 GMT+0530 (IST)"}
{"level":"info","message":"Block with index 0 added to storage","timestamp":"Sun Oct 08 2017 05:15:39 GMT+0530 (IST)"}
{"dir":"/home/aniket/projects/blockchain/src/storage/blocks","level":"info","message":"","timestamp":"Sun Oct 08 2017 05:15:39 GMT+0530 (IST)"}
{"level":"info","message":"Server running at http://localhost:5000/api/v1","timestamp":"Sun Oct 08 2017 05:18:48 GMT+0530 (IST)"}
{"level":"info","message":"Block with index 0 added to storage","timestamp":"Sun Oct 08 2017 05:18:48 GMT+0530 (IST)"}
{"dir":"/home/aniket/projects/blockchain/src/storage/blocks","level":"info","message":"","timestamp":"Sun Oct 08 2017 05:18:48 GMT+0530 (IST)"}
{"level":"error","message":"invalid index","timestamp":"Sun Oct 08 2017 05:18:53 GMT+0530 (IST)"}
{"level":"info","message":"Server running at http://localhost:5000/api/v1","timestamp":"Sun Oct 08 2017 05:26:36 GMT+0530 (IST)"}
{"level":"info","message":"Block with index 0 added to storage","timestamp":"Sun Oct 08 2017 05:26:36 GMT+0530 (IST)"}
{"dir":"/home/aniket/projects/blockchain/src/storage/blocks","level":"info","message":"","timestamp":"Sun Oct 08 2017 05:26:36 GMT+0530 (IST)"}
{"level":"info","message":"Server running at http://localhost:5000/api/v1","timestamp":"Sun Oct 08 2017 05:27:06 GMT+0530 (IST)"}
{"level":"info","message":"Block with index 0 added to storage","timestamp":"Sun Oct 08 2017 05:27:06 GMT+0530 (IST)"}
{"dir":"/home/aniket/projects/blockchain/src/storage/blocks","level":"info","message":"","timestamp":"Sun Oct 08 2017 05:27:06 GMT+0530 (IST)"}
{"level":"info","message":"Block with index 1 added to storage","timestamp":"Sun Oct 08 2017 05:27:25 GMT+0530 (IST)"}
{"level":"info","message":"Block with index 2 added to storage","timestamp":"Sun Oct 08 2017 05:27:58 GMT+0530 (IST)"}
{"level":"info","message":"Server running at http://localhost:5000/api/v1","timestamp":"Mon Oct 09 2017 00:04:52 GMT+0530 (IST)"}
{"message":"[PARSE-ERROR] /home/aniket/projects/blockchain/src/storage/blocks/cfcd208495d565ef66e7dff9f98764da does not look like a valid storage file!","stack":"Error: [PARSE-ERROR] /home/aniket/projects/blockchain/src/storage/blocks/cfcd208495d565ef66e7dff9f98764da does not look like a valid storage file!\n    at /home/aniket/projects/blockchain/node_modules/node-persist/src/local-storage.js:648:68\n    at tryToString (fs.js:513:3)\n    at FSReqWrap.readFileAfterClose [as oncomplete] (fs.js:501:12)","level":"error","timestamp":"Mon Oct 09 2017 00:04:52 GMT+0530 (IST)"}
{"level":"info","message":"","timestamp":"Mon Oct 09 2017 00:04:52 GMT+0530 (IST)"}
{"level":"info","message":"Block with index 0 added to storage","timestamp":"Mon Oct 09 2017 00:04:52 GMT+0530 (IST)"}
{"level":"info","message":"Server running at http://localhost:5000/api/v1","timestamp":"Mon Oct 09 2017 00:06:14 GMT+0530 (IST)"}
{"dir":"/home/aniket/projects/blockchain/src/storage/blocks","level":"info","message":"","timestamp":"Mon Oct 09 2017 00:06:14 GMT+0530 (IST)"}
{"level":"info","message":"Block with index 3 added to storage","timestamp":"Mon Oct 09 2017 00:06:49 GMT+0530 (IST)"}
{"level":"info","message":"Server running at http://localhost:5000/api/v1","timestamp":"Mon Oct 09 2017 00:36:56 GMT+0530 (IST)"}
{"dir":"/home/aniket/projects/blockchain/src/storage/blocks","level":"info","message":"","timestamp":"Mon Oct 09 2017 00:36:56 GMT+0530 (IST)"}
{"level":"info","message":"Block with index 4 added to storage","timestamp":"Mon Oct 09 2017 00:38:45 GMT+0530 (IST)"}
{"level":"info","message":"Server running at http://localhost:5000/api/v1","timestamp":"Mon Oct 09 2017 01:13:33 GMT+0530 (IST)"}
{"dir":"/home/aniket/projects/blockchain/src/storage/blocks","level":"info","message":"","timestamp":"Mon Oct 09 2017 01:13:33 GMT+0530 (IST)"}
{"level":"info","message":"Block with index 5 added to storage","timestamp":"Mon Oct 09 2017 01:15:12 GMT+0530 (IST)"}
{"level":"info","message":"Server running at http://localhost:5000/api/v1","timestamp":"Mon Oct 09 2017 01:17:39 GMT+0530 (IST)"}
{"dir":"/home/aniket/projects/blockchain/src/storage/blocks","level":"info","message":"","timestamp":"Mon Oct 09 2017 01:17:39 GMT+0530 (IST)"}
{"level":"info","message":"Block with index 6 added to storage","timestamp":"Mon Oct 09 2017 01:18:29 GMT+0530 (IST)"}
{"level":"info","message":"Server running at http://localhost:5000/api/v1","timestamp":"Mon Oct 09 2017 01:54:22 GMT+0530 (IST)"}
{"dir":"/home/aniket/projects/blockchain/src/storage/blocks","level":"info","message":"","timestamp":"Mon Oct 09 2017 01:54:22 GMT+0530 (IST)"}
{"level":"info","message":"Block with index 7 added to storage","timestamp":"Mon Oct 09 2017 01:54:34 GMT+0530 (IST)"}
{"level":"info","message":"Server running at http://localhost:5000/api/v1","timestamp":"Mon Oct 09 2017 02:12:36 GMT+0530 (IST)"}
{"dir":"/home/aniket/projects/blockchain/src/storage/blocks","level":"info","message":"","timestamp":"Mon Oct 09 2017 02:12:36 GMT+0530 (IST)"}
{"level":"info","message":"Block with index 8 added to storage","timestamp":"Mon Oct 09 2017 02:13:28 GMT+0530 (IST)"}
{"level":"info","message":"Server running at http://localhost:5000/api/v1","timestamp":"Tue Oct 10 2017 00:32:12 GMT+0530 (IST)"}
{"dir":"/home/aniket/projects/blockchain/src/storage/blocks","level":"info","message":"","timestamp":"Tue Oct 10 2017 00:32:12 GMT+0530 (IST)"}
{"date":"Tue Oct 10 2017 01:37:46 GMT+0530 (IST)","process":{"pid":7638,"uid":1000,"gid":1000,"cwd":"/home/aniket/projects/blockchain","execPath":"/usr/bin/nodejs","version":"v8.4.0","argv":["node","/home/aniket/projects/blockchain/server.js"],"memoryUsage":{"rss":169463808,"heapTotal":132808704,"heapUsed":105693096,"external":125883}},"os":{"loadavg":[0.5830078125,0.3349609375,0.37744140625],"uptime":10088},"trace":[{"column":55,"file":"/home/aniket/projects/blockchain/src/init/index.js","function":"initPeerToPeerServer","line":8,"method":null,"native":false},{"column":9,"file":"/home/aniket/projects/blockchain/server.js","function":null,"line":52,"method":null,"native":false},{"column":30,"file":"events.js","function":"Object.onceWrapper","line":314,"method":"onceWrapper","native":false},{"column":13,"file":"events.js","function":"emitNone","line":105,"method":null,"native":false},{"column":7,"file":"events.js","function":"Server.emit","line":207,"method":"emit","native":false},{"column":10,"file":"net.js","function":"emitListeningNT","line":1349,"method":null,"native":false},{"column":11,"file":"internal/process/next_tick.js","function":"_combinedTickCallback","line":135,"method":null,"native":false},{"column":9,"file":"internal/process/next_tick.js","function":"process._tickDomainCallback","line":218,"method":"_tickDomainCallback","native":false}],"stack":["ReferenceError: p2p_port is not defined","    at initPeerToPeerServer (/home/aniket/projects/blockchain/src/init/index.js:8:55)","    at Server.<anonymous> (/home/aniket/projects/blockchain/server.js:52:9)","    at Object.onceWrapper (events.js:314:30)","    at emitNone (events.js:105:13)","    at Server.emit (events.js:207:7)","    at emitListeningNT (net.js:1349:10)","    at _combinedTickCallback (internal/process/next_tick.js:135:11)","    at process._tickDomainCallback (internal/process/next_tick.js:218:9)"],"level":"error","message":"uncaughtException: p2p_port is not defined","timestamp":"Tue Oct 10 2017 01:37:46 GMT+0530 (IST)"}
{"date":"Tue Oct 10 2017 01:40:05 GMT+0530 (IST)","process":{"pid":7773,"uid":1000,"gid":1000,"cwd":"/home/aniket/projects/blockchain","execPath":"/usr/bin/nodejs","version":"v8.4.0","argv":["node","/home/aniket/projects/blockchain/server.js"],"memoryUsage":{"rss":153817088,"heapTotal":109826048,"heapUsed":77088296,"external":4921942}},"os":{"loadavg":[0.4755859375,0.37548828125,0.3798828125],"uptime":10228},"trace":[{"column":55,"file":"/home/aniket/projects/blockchain/src/init/index.js","function":"initPeerToPeerServer","line":8,"method":null,"native":false},{"column":1,"file":"/home/aniket/projects/blockchain/server.js","function":null,"line":21,"method":null,"native":false},{"column":30,"file":"module.js","function":"Module._compile","line":573,"method":"_compile","native":false},{"column":5,"file":"/home/aniket/projects/blockchain/node_modules/babel-register/lib/node.js","function":"loader","line":144,"method":null,"native":false},{"column":7,"file":"/home/aniket/projects/blockchain/node_modules/babel-register/lib/node.js","function":"Object.require.extensions.(anonymous function) [as .js]","line":154,"method":"js]","native":false},{"column":32,"file":"module.js","function":"Module.load","line":507,"method":"load","native":false},{"column":12,"file":"module.js","function":"tryModuleLoad","line":470,"method":null,"native":false},{"column":3,"file":"module.js","function":"Module._load","line":462,"method":"_load","native":false},{"column":10,"file":"module.js","function":"Module.runMain","line":609,"method":"runMain","native":false},{"column":22,"file":"/home/aniket/projects/blockchain/node_modules/babel-cli/lib/_babel-node.js","function":null,"line":154,"method":null,"native":false}],"stack":["ReferenceError: p2p_port is not defined","    at initPeerToPeerServer (/home/aniket/projects/blockchain/src/init/index.js:8:55)","    at Object.<anonymous> (/home/aniket/projects/blockchain/server.js:21:1)","    at Module._compile (module.js:573:30)","    at loader (/home/aniket/projects/blockchain/node_modules/babel-register/lib/node.js:144:5)","    at Object.require.extensions.(anonymous function) [as .js] (/home/aniket/projects/blockchain/node_modules/babel-register/lib/node.js:154:7)","    at Module.load (module.js:507:32)","    at tryModuleLoad (module.js:470:12)","    at Function.Module._load (module.js:462:3)","    at Function.Module.runMain (module.js:609:10)","    at Object.<anonymous> (/home/aniket/projects/blockchain/node_modules/babel-cli/lib/_babel-node.js:154:22)"],"level":"error","message":"uncaughtException: p2p_port is not defined","timestamp":"Tue Oct 10 2017 01:40:05 GMT+0530 (IST)"}
{"level":"info","message":"Server running at http://localhost:5000/api/v1","timestamp":"Tue Oct 10 2017 01:40:25 GMT+0530 (IST)"}
{"dir":"/home/aniket/projects/blockchain/src/storage/blocks","level":"info","message":"","timestamp":"Tue Oct 10 2017 01:40:25 GMT+0530 (IST)"}
{"level":"info","message":"Server running at http://localhost:5000/api/v1","timestamp":"Tue Oct 10 2017 01:44:40 GMT+0530 (IST)"}
{"dir":"/home/aniket/projects/blockchain/src/storage/blocks","level":"info","message":"","timestamp":"Tue Oct 10 2017 01:44:40 GMT+0530 (IST)"}
{"date":"Tue Oct 10 2017 01:45:24 GMT+0530 (IST)","process":{"pid":8036,"uid":1000,"gid":1000,"cwd":"/home/aniket/projects/blockchain","execPath":"/usr/bin/nodejs","version":"v8.4.0","argv":["node","/home/aniket/projects/blockchain/server.js"],"memoryUsage":{"rss":144957440,"heapTotal":110350336,"heapUsed":69170232,"external":38229}},"os":{"loadavg":[0.279296875,0.271484375,0.330078125],"uptime":10546},"trace":[{"column":55,"file":"/home/aniket/projects/blockchain/src/init/index.js","function":"initPeerToPeerServer","line":8,"method":null,"native":false},{"column":1,"file":"/home/aniket/projects/blockchain/server.js","function":null,"line":21,"method":null,"native":false},{"column":30,"file":"module.js","function":"Module._compile","line":573,"method":"_compile","native":false},{"column":5,"file":"/home/aniket/projects/blockchain/node_modules/babel-register/lib/node.js","function":"loader","line":144,"method":null,"native":false},{"column":7,"file":"/home/aniket/projects/blockchain/node_modules/babel-register/lib/node.js","function":"Object.require.extensions.(anonymous function) [as .js]","line":154,"method":"js]","native":false},{"column":32,"file":"module.js","function":"Module.load","line":507,"method":"load","native":false},{"column":12,"file":"module.js","function":"tryModuleLoad","line":470,"method":null,"native":false},{"column":3,"file":"module.js","function":"Module._load","line":462,"method":"_load","native":false},{"column":10,"file":"module.js","function":"Module.runMain","line":609,"method":"runMain","native":false},{"column":22,"file":"/home/aniket/projects/blockchain/node_modules/babel-cli/lib/_babel-node.js","function":null,"line":154,"method":null,"native":false}],"stack":["ReferenceError: p2p_port is not defined","    at initPeerToPeerServer (/home/aniket/projects/blockchain/src/init/index.js:8:55)","    at Object.<anonymous> (/home/aniket/projects/blockchain/server.js:21:1)","    at Module._compile (module.js:573:30)","    at loader (/home/aniket/projects/blockchain/node_modules/babel-register/lib/node.js:144:5)","    at Object.require.extensions.(anonymous function) [as .js] (/home/aniket/projects/blockchain/node_modules/babel-register/lib/node.js:154:7)","    at Module.load (module.js:507:32)","    at tryModuleLoad (module.js:470:12)","    at Function.Module._load (module.js:462:3)","    at Function.Module.runMain (module.js:609:10)","    at Object.<anonymous> (/home/aniket/projects/blockchain/node_modules/babel-cli/lib/_babel-node.js:154:22)"],"level":"error","message":"uncaughtException: p2p_port is not defined","timestamp":"Tue Oct 10 2017 01:45:24 GMT+0530 (IST)"}
{"date":"Tue Oct 10 2017 01:48:59 GMT+0530 (IST)","process":{"pid":8171,"uid":1000,"gid":1000,"cwd":"/home/aniket/projects/blockchain","execPath":"/usr/bin/nodejs","version":"v8.4.0","argv":["node","/home/aniket/projects/blockchain/server.js"],"memoryUsage":{"rss":179384320,"heapTotal":136732672,"heapUsed":114241952,"external":4930134}},"os":{"loadavg":[0.470703125,0.32763671875,0.3369140625],"uptime":10762},"trace":[{"column":55,"file":"/home/aniket/projects/blockchain/src/init/index.js","function":"initPeerToPeerServer","line":8,"method":null,"native":false},{"column":1,"file":"/home/aniket/projects/blockchain/server.js","function":null,"line":21,"method":null,"native":false},{"column":30,"file":"module.js","function":"Module._compile","line":573,"method":"_compile","native":false},{"column":5,"file":"/home/aniket/projects/blockchain/node_modules/babel-register/lib/node.js","function":"loader","line":144,"method":null,"native":false},{"column":7,"file":"/home/aniket/projects/blockchain/node_modules/babel-register/lib/node.js","function":"Object.require.extensions.(anonymous function) [as .js]","line":154,"method":"js]","native":false},{"column":32,"file":"module.js","function":"Module.load","line":507,"method":"load","native":false},{"column":12,"file":"module.js","function":"tryModuleLoad","line":470,"method":null,"native":false},{"column":3,"file":"module.js","function":"Module._load","line":462,"method":"_load","native":false},{"column":10,"file":"module.js","function":"Module.runMain","line":609,"method":"runMain","native":false},{"column":22,"file":"/home/aniket/projects/blockchain/node_modules/babel-cli/lib/_babel-node.js","function":null,"line":154,"method":null,"native":false}],"stack":["ReferenceError: p2p_port is not defined","    at initPeerToPeerServer (/home/aniket/projects/blockchain/src/init/index.js:8:55)","    at Object.<anonymous> (/home/aniket/projects/blockchain/server.js:21:1)","    at Module._compile (module.js:573:30)","    at loader (/home/aniket/projects/blockchain/node_modules/babel-register/lib/node.js:144:5)","    at Object.require.extensions.(anonymous function) [as .js] (/home/aniket/projects/blockchain/node_modules/babel-register/lib/node.js:154:7)","    at Module.load (module.js:507:32)","    at tryModuleLoad (module.js:470:12)","    at Function.Module._load (module.js:462:3)","    at Function.Module.runMain (module.js:609:10)","    at Object.<anonymous> (/home/aniket/projects/blockchain/node_modules/babel-cli/lib/_babel-node.js:154:22)"],"level":"error","message":"uncaughtException: p2p_port is not defined","timestamp":"Tue Oct 10 2017 01:48:59 GMT+0530 (IST)"}
{"date":"Tue Oct 10 2017 01:51:09 GMT+0530 (IST)","process":{"pid":8341,"uid":1000,"gid":1000,"cwd":"/home/aniket/projects/blockchain","execPath":"/usr/bin/nodejs","version":"v8.4.0","argv":["node","/home/aniket/projects/blockchain/server.js"],"memoryUsage":{"rss":144052224,"heapTotal":103452672,"heapUsed":55141536,"external":171395}},"os":{"loadavg":[0.5986328125,0.38623046875,0.35400390625],"uptime":10892},"trace":[{"column":44,"file":"/home/aniket/projects/blockchain/src/init/index.js","function":"connectToPeers","line":6,"method":null,"native":false},{"column":1,"file":"/home/aniket/projects/blockchain/server.js","function":null,"line":19,"method":null,"native":false},{"column":30,"file":"module.js","function":"Module._compile","line":573,"method":"_compile","native":false},{"column":5,"file":"/home/aniket/projects/blockchain/node_modules/babel-register/lib/node.js","function":"loader","line":144,"method":null,"native":false},{"column":7,"file":"/home/aniket/projects/blockchain/node_modules/babel-register/lib/node.js","function":"Object.require.extensions.(anonymous function) [as .js]","line":154,"method":"js]","native":false},{"column":32,"file":"module.js","function":"Module.load","line":507,"method":"load","native":false},{"column":12,"file":"module.js","function":"tryModuleLoad","line":470,"method":null,"native":false},{"column":3,"file":"module.js","function":"Module._load","line":462,"method":"_load","native":false},{"column":10,"file":"module.js","function":"Module.runMain","line":609,"method":"runMain","native":false},{"column":22,"file":"/home/aniket/projects/blockchain/node_modules/babel-cli/lib/_babel-node.js","function":null,"line":154,"method":null,"native":false}],"stack":["ReferenceError: chainblockers is not defined","    at connectToPeers (/home/aniket/projects/blockchain/src/init/index.js:6:44)","    at Object.<anonymous> (/home/aniket/projects/blockchain/server.js:19:1)","    at Module._compile (module.js:573:30)","    at loader (/home/aniket/projects/blockchain/node_modules/babel-register/lib/node.js:144:5)","    at Object.require.extensions.(anonymous function) [as .js] (/home/aniket/projects/blockchain/node_modules/babel-register/lib/node.js:154:7)","    at Module.load (module.js:507:32)","    at tryModuleLoad (module.js:470:12)","    at Function.Module._load (module.js:462:3)","    at Function.Module.runMain (module.js:609:10)","    at Object.<anonymous> (/home/aniket/projects/blockchain/node_modules/babel-cli/lib/_babel-node.js:154:22)"],"level":"error","message":"uncaughtException: chainblockers is not defined","timestamp":"Tue Oct 10 2017 01:51:09 GMT+0530 (IST)"}
{"level":"info","message":"Inside connecttopeers","timestamp":"Tue Oct 10 2017 01:53:04 GMT+0530 (IST)"}
{"date":"Tue Oct 10 2017 01:53:04 GMT+0530 (IST)","process":{"pid":8470,"uid":1000,"gid":1000,"cwd":"/home/aniket/projects/blockchain","execPath":"/usr/bin/nodejs","version":"v8.4.0","argv":["node","/home/aniket/projects/blockchain/server.js"],"memoryUsage":{"rss":180363264,"heapTotal":136732672,"heapUsed":115197176,"external":5136006}},"os":{"loadavg":[0.6875,0.427734375,0.36962890625],"uptime":11006},"trace":[{"column":55,"file":"/home/aniket/projects/blockchain/src/init/index.js","function":"initPeerToPeerServer","line":20,"method":null,"native":false},{"column":1,"file":"/home/aniket/projects/blockchain/server.js","function":null,"line":21,"method":null,"native":false},{"column":30,"file":"module.js","function":"Module._compile","line":573,"method":"_compile","native":false},{"column":5,"file":"/home/aniket/projects/blockchain/node_modules/babel-register/lib/node.js","function":"loader","line":144,"method":null,"native":false},{"column":7,"file":"/home/aniket/projects/blockchain/node_modules/babel-register/lib/node.js","function":"Object.require.extensions.(anonymous function) [as .js]","line":154,"method":"js]","native":false},{"column":32,"file":"module.js","function":"Module.load","line":507,"method":"load","native":false},{"column":12,"file":"module.js","function":"tryModuleLoad","line":470,"method":null,"native":false},{"column":3,"file":"module.js","function":"Module._load","line":462,"method":"_load","native":false},{"column":10,"file":"module.js","function":"Module.runMain","line":609,"method":"runMain","native":false},{"column":22,"file":"/home/aniket/projects/blockchain/node_modules/babel-cli/lib/_babel-node.js","function":null,"line":154,"method":null,"native":false}],"stack":["ReferenceError: p2p_port is not defined","    at initPeerToPeerServer (/home/aniket/projects/blockchain/src/init/index.js:20:55)","    at Object.<anonymous> (/home/aniket/projects/blockchain/server.js:21:1)","    at Module._compile (module.js:573:30)","    at loader (/home/aniket/projects/blockchain/node_modules/babel-register/lib/node.js:144:5)","    at Object.require.extensions.(anonymous function) [as .js] (/home/aniket/projects/blockchain/node_modules/babel-register/lib/node.js:154:7)","    at Module.load (module.js:507:32)","    at tryModuleLoad (module.js:470:12)","    at Function.Module._load (module.js:462:3)","    at Function.Module.runMain (module.js:609:10)","    at Object.<anonymous> (/home/aniket/projects/blockchain/node_modules/babel-cli/lib/_babel-node.js:154:22)"],"level":"error","message":"uncaughtException: p2p_port is not defined","timestamp":"Tue Oct 10 2017 01:53:04 GMT+0530 (IST)"}
{"level":"info","message":"Inside connecttopeers","timestamp":"Tue Oct 10 2017 02:02:31 GMT+0530 (IST)"}
{"level":"info","message":"Inside peertopeers","timestamp":"Tue Oct 10 2017 02:02:31 GMT+0530 (IST)"}
{"level":"info","message":"Inside peertopeers 2","timestamp":"Tue Oct 10 2017 02:02:31 GMT+0530 (IST)"}
{"date":"Tue Oct 10 2017 02:02:31 GMT+0530 (IST)","process":{"pid":8716,"uid":1000,"gid":1000,"cwd":"/home/aniket/projects/blockchain","execPath":"/usr/bin/nodejs","version":"v8.4.0","argv":["node","/home/aniket/projects/blockchain/server.js"],"memoryUsage":{"rss":179421184,"heapTotal":136732672,"heapUsed":114970816,"external":5136006}},"os":{"loadavg":[0.201171875,0.18212890625,0.25146484375],"uptime":11574},"trace":[{"column":55,"file":"/home/aniket/projects/blockchain/src/init/index.js","function":"initPeerToPeerServer","line":22,"method":null,"native":false},{"column":1,"file":"/home/aniket/projects/blockchain/server.js","function":null,"line":21,"method":null,"native":false},{"column":30,"file":"module.js","function":"Module._compile","line":573,"method":"_compile","native":false},{"column":5,"file":"/home/aniket/projects/blockchain/node_modules/babel-register/lib/node.js","function":"loader","line":144,"method":null,"native":false},{"column":7,"file":"/home/aniket/projects/blockchain/node_modules/babel-register/lib/node.js","function":"Object.require.extensions.(anonymous function) [as .js]","line":154,"method":"js]","native":false},{"column":32,"file":"module.js","function":"Module.load","line":507,"method":"load","native":false},{"column":12,"file":"module.js","function":"tryModuleLoad","line":470,"method":null,"native":false},{"column":3,"file":"module.js","function":"Module._load","line":462,"method":"_load","native":false},{"column":10,"file":"module.js","function":"Module.runMain","line":609,"method":"runMain","native":false},{"column":22,"file":"/home/aniket/projects/blockchain/node_modules/babel-cli/lib/_babel-node.js","function":null,"line":154,"method":null,"native":false}],"stack":["ReferenceError: p2p_port is not defined","    at initPeerToPeerServer (/home/aniket/projects/blockchain/src/init/index.js:22:55)","    at Object.<anonymous> (/home/aniket/projects/blockchain/server.js:21:1)","    at Module._compile (module.js:573:30)","    at loader (/home/aniket/projects/blockchain/node_modules/babel-register/lib/node.js:144:5)","    at Object.require.extensions.(anonymous function) [as .js] (/home/aniket/projects/blockchain/node_modules/babel-register/lib/node.js:154:7)","    at Module.load (module.js:507:32)","    at tryModuleLoad (module.js:470:12)","    at Function.Module._load (module.js:462:3)","    at Function.Module.runMain (module.js:609:10)","    at Object.<anonymous> (/home/aniket/projects/blockchain/node_modules/babel-cli/lib/_babel-node.js:154:22)"],"level":"error","message":"uncaughtException: p2p_port is not defined","timestamp":"Tue Oct 10 2017 02:02:31 GMT+0530 (IST)"}
{"level":"info","message":"Inside connecttopeers","timestamp":"Tue Oct 10 2017 02:03:01 GMT+0530 (IST)"}
{"level":"info","message":"Inside peertopeers","timestamp":"Tue Oct 10 2017 02:03:02 GMT+0530 (IST)"}
{"level":"info","message":"Inside peertopeers 2","timestamp":"Tue Oct 10 2017 02:03:02 GMT+0530 (IST)"}
{"level":"info","message":"listening websocket p2p port on: 5010","timestamp":"Tue Oct 10 2017 02:03:02 GMT+0530 (IST)"}
{"level":"info","message":"Server running at http://localhost:5000/api/v1","timestamp":"Tue Oct 10 2017 02:03:02 GMT+0530 (IST)"}
{"dir":"/home/aniket/projects/blockchain/src/storage/blocks","level":"info","message":"","timestamp":"Tue Oct 10 2017 02:03:02 GMT+0530 (IST)"}
{"level":"info","message":"listening websocket p2p port on: 5010","timestamp":"Tue Oct 10 2017 02:09:00 GMT+0530 (IST)"}
{"level":"info","message":"Server running at http://localhost:5000/api/v1","timestamp":"Tue Oct 10 2017 02:09:00 GMT+0530 (IST)"}
{"dir":"/home/aniket/projects/blockchain/src/storage/blocks","level":"info","message":"","timestamp":"Tue Oct 10 2017 02:09:00 GMT+0530 (IST)"}
{"level":"info","message":"listening websocket p2p port on: 5002","timestamp":"Tue Oct 10 2017 02:16:03 GMT+0530 (IST)"}
{"level":"info","message":"Server running at http://localhost:5000/api/v1","timestamp":"Tue Oct 10 2017 02:16:03 GMT+0530 (IST)"}
{"dir":"/home/aniket/projects/blockchain/src/storage/blocks","level":"info","message":"","timestamp":"Tue Oct 10 2017 02:16:03 GMT+0530 (IST)"}
{"level":"info","message":"listening websocket p2p port on: 5002","timestamp":"Tue Oct 10 2017 02:42:45 GMT+0530 (IST)"}
{"level":"error","message":"Error: Cannot find module '../config'","timestamp":"Tue Oct 10 2017 02:42:46 GMT+0530 (IST)"}
{"level":"info","message":"listening websocket p2p port on: 5002","timestamp":"Tue Oct 10 2017 02:43:44 GMT+0530 (IST)"}
{"level":"info","message":"Server running at http://localhost:5000/api/v1","timestamp":"Tue Oct 10 2017 02:43:44 GMT+0530 (IST)"}
{"dir":"/home/aniket/projects/blockchain/src/storage/blocks","level":"info","message":"","timestamp":"Tue Oct 10 2017 02:43:44 GMT+0530 (IST)"}
{"level":"info","message":"listening websocket p2p port on: 5002","timestamp":"Tue Oct 10 2017 02:44:40 GMT+0530 (IST)"}
{"level":"info","message":"Server running at http://localhost:5000/api/v1","timestamp":"Tue Oct 10 2017 02:44:40 GMT+0530 (IST)"}
{"level":"info","message":"Storage[object Object]","timestamp":"Tue Oct 10 2017 02:44:40 GMT+0530 (IST)"}
{"level":"info","message":"listening websocket p2p port on: 5002","timestamp":"Tue Oct 10 2017 02:45:01 GMT+0530 (IST)"}
{"level":"info","message":"Server running at http://localhost:5000/api/v1","timestamp":"Tue Oct 10 2017 02:45:01 GMT+0530 (IST)"}
{"dir":"/home/aniket/projects/blockchain/src/storage/blocks","level":"info","message":"Storage","timestamp":"Tue Oct 10 2017 02:45:01 GMT+0530 (IST)"}
{"level":"info","message":"Block with index 9 added to storage","timestamp":"Tue Oct 10 2017 02:45:23 GMT+0530 (IST)"}
{"level":"info","message":"listening websocket p2p port on: 5002","timestamp":"Tue Oct 10 2017 03:00:42 GMT+0530 (IST)"}
{"level":"error","message":"Error: Cannot find module '../config'","timestamp":"Tue Oct 10 2017 03:00:43 GMT+0530 (IST)"}
{"level":"info","message":"listening websocket p2p port on: 5002","timestamp":"Tue Oct 10 2017 03:01:33 GMT+0530 (IST)"}
{"level":"info","message":"Server running at http://localhost:5000/api/v1","timestamp":"Tue Oct 10 2017 03:01:33 GMT+0530 (IST)"}
{"dir":"/home/aniket/projects/blockchain/src/storage/blocks","level":"info","message":"Storage","timestamp":"Tue Oct 10 2017 03:01:33 GMT+0530 (IST)"}
{"level":"info","message":"listening websocket p2p port on: 5002","timestamp":"Tue Oct 10 2017 03:12:08 GMT+0530 (IST)"}
{"level":"info","message":"Server running at http://localhost:5000/api/v1","timestamp":"Tue Oct 10 2017 03:12:09 GMT+0530 (IST)"}
{"dir":"/home/aniket/projects/blockchain/src/storage/blocks","level":"info","message":"Storage","timestamp":"Tue Oct 10 2017 03:12:09 GMT+0530 (IST)"}
{"level":"info","message":"Block with index 10 added to storage","timestamp":"Tue Oct 10 2017 03:12:15 GMT+0530 (IST)"}
{"level":"info","message":"listening websocket p2p port on: 5002","timestamp":"Tue Oct 10 2017 03:13:15 GMT+0530 (IST)"}
{"level":"info","message":"Server running at http://localhost:5000/api/v1","timestamp":"Tue Oct 10 2017 03:13:16 GMT+0530 (IST)"}
{"dir":"/home/aniket/projects/blockchain/src/storage/blocks","level":"info","message":"Storage","timestamp":"Tue Oct 10 2017 03:13:16 GMT+0530 (IST)"}
{"level":"info","message":"Block with index 11 added to storage","timestamp":"Tue Oct 10 2017 03:13:18 GMT+0530 (IST)"}
{"level":"info","message":"listening websocket p2p port on: 5002","timestamp":"Tue Oct 10 2017 03:14:13 GMT+0530 (IST)"}
{"level":"info","message":"Server running at http://localhost:5000/api/v1","timestamp":"Tue Oct 10 2017 03:14:13 GMT+0530 (IST)"}
{"dir":"/home/aniket/projects/blockchain/src/storage/blocks","level":"info","message":"Storage","timestamp":"Tue Oct 10 2017 03:14:13 GMT+0530 (IST)"}
{"level":"info","message":"listening websocket p2p port on: 5002","timestamp":"Tue Oct 10 2017 03:16:40 GMT+0530 (IST)"}
{"level":"info","message":"Server running at http://localhost:5000/api/v1","timestamp":"Tue Oct 10 2017 03:16:40 GMT+0530 (IST)"}
{"dir":"/home/aniket/projects/blockchain/src/storage/blocks","level":"info","message":"Storage","timestamp":"Tue Oct 10 2017 03:16:40 GMT+0530 (IST)"}
{"level":"info","message":"listening websocket p2p port on: 5002","timestamp":"Tue Oct 10 2017 03:18:34 GMT+0530 (IST)"}
{"level":"info","message":"Server running at http://localhost:5000/api/v1","timestamp":"Tue Oct 10 2017 03:18:34 GMT+0530 (IST)"}
{"dir":"/home/aniket/projects/blockchain/src/storage/blocks","level":"info","message":"Storage","timestamp":"Tue Oct 10 2017 03:18:34 GMT+0530 (IST)"}
{"level":"info","message":"listening websocket p2p port on: 5002","timestamp":"Tue Oct 10 2017 03:19:28 GMT+0530 (IST)"}
{"level":"info","message":"Server running at http://localhost:5000/api/v1","timestamp":"Tue Oct 10 2017 03:19:29 GMT+0530 (IST)"}
{"dir":"/home/aniket/projects/blockchain/src/storage/blocks","level":"info","message":"Storage","timestamp":"Tue Oct 10 2017 03:19:29 GMT+0530 (IST)"}
{"level":"info","message":"Block with index 12 added to storage","timestamp":"Tue Oct 10 2017 03:19:38 GMT+0530 (IST)"}
{"level":"info","message":"Block with index 13 added to storage","timestamp":"Tue Oct 10 2017 03:20:22 GMT+0530 (IST)"}
{"level":"info","message":"listening websocket p2p port on: 5002","timestamp":"Mon Oct 30 2017 00:40:50 GMT+0530 (IST)"}
{"level":"info","message":"Server running at http://localhost:5000/api/v1","timestamp":"Mon Oct 30 2017 00:40:51 GMT+0530 (IST)"}
{"dir":"/home/aniket/projects/blockchain/src/storage/blocks","level":"info","message":"Storage","timestamp":"Mon Oct 30 2017 00:40:51 GMT+0530 (IST)"}
{"level":"info","message":"listening websocket p2p port on: 5002","timestamp":"Mon Oct 30 2017 00:54:01 GMT+0530 (IST)"}
{"level":"info","message":"Server running at http://localhost:5000/api/v1","timestamp":"Mon Oct 30 2017 00:54:02 GMT+0530 (IST)"}
{"dir":"/home/aniket/projects/blockchain/src/storage/blocks","level":"info","message":"Storage","timestamp":"Mon Oct 30 2017 00:54:02 GMT+0530 (IST)"}
{"level":"info","message":"listening websocket p2p port on: 5002","timestamp":"Mon Oct 30 2017 00:54:43 GMT+0530 (IST)"}
{"level":"info","message":"Server running at http://localhost:5000/api/v1","timestamp":"Mon Oct 30 2017 00:54:44 GMT+0530 (IST)"}
{"level":"info","message":"Block with index 0 added to storage","timestamp":"Mon Oct 30 2017 00:54:44 GMT+0530 (IST)"}
{"dir":"/home/aniket/projects/blockchain/src/storage/blocks","level":"info","message":"Storage","timestamp":"Mon Oct 30 2017 00:54:44 GMT+0530 (IST)"}
{"level":"info","message":"listening websocket p2p port on: 5002","timestamp":"Tue Oct 31 2017 00:46:27 GMT+0530 (IST)"}
{"level":"info","message":"Server running at http://localhost:5000/api/v1","timestamp":"Tue Oct 31 2017 00:46:28 GMT+0530 (IST)"}
{"dir":"/home/aniket/projects/blockchain/src/storage/blocks","level":"info","message":"Storage","timestamp":"Tue Oct 31 2017 00:46:28 GMT+0530 (IST)"}
{"level":"info","message":"Block with index 1 added to storage","timestamp":"Tue Oct 31 2017 02:11:12 GMT+0530 (IST)"}
{"level":"info","message":"listening websocket p2p port on: 5002","timestamp":"Wed Nov 01 2017 00:15:21 GMT+0530 (IST)"}
{"level":"info","message":"Server running at http://localhost:5000/api/v1","timestamp":"Wed Nov 01 2017 00:15:21 GMT+0530 (IST)"}
{"dir":"/home/aniket/projects/blockchain/src/storage/blocks","level":"info","message":"Storage","timestamp":"Wed Nov 01 2017 00:15:21 GMT+0530 (IST)"}
{"level":"info","message":"listening websocket p2p port on: 5002","timestamp":"Wed Nov 01 2017 00:33:32 GMT+0530 (IST)"}
{"level":"info","message":"Server running at http://localhost:5000/api/v1","timestamp":"Wed Nov 01 2017 00:33:33 GMT+0530 (IST)"}
{"dir":"/home/aniket/projects/blockchain/src/storage/blocks","level":"info","message":"Storage","timestamp":"Wed Nov 01 2017 00:33:33 GMT+0530 (IST)"}
{"level":"info","message":"listening websocket p2p port on: 5002","timestamp":"Wed Nov 01 2017 00:38:08 GMT+0530 (IST)"}
{"level":"info","message":"Server running at http://localhost:5000/api/v1","timestamp":"Wed Nov 01 2017 00:38:09 GMT+0530 (IST)"}
{"dir":"/home/aniket/projects/blockchain/src/storage/blocks","level":"info","message":"Storage","timestamp":"Wed Nov 01 2017 00:38:09 GMT+0530 (IST)"}
{"level":"info","message":"listening websocket p2p port on: 5002","timestamp":"Wed Nov 01 2017 00:39:16 GMT+0530 (IST)"}
{"level":"info","message":"Server running at http://localhost:5000/api/v1","timestamp":"Wed Nov 01 2017 00:39:17 GMT+0530 (IST)"}
{"dir":"/home/aniket/projects/blockchain/src/storage/blocks","level":"info","message":"Storage","timestamp":"Wed Nov 01 2017 00:39:17 GMT+0530 (IST)"}
{"level":"info","message":"Block with index 2 added to storage","timestamp":"Wed Nov 01 2017 00:41:28 GMT+0530 (IST)"}
{"date":"Wed Nov 01 2017 00:46:59 GMT+0530 (IST)","process":{"pid":8527,"uid":1000,"gid":1000,"cwd":"/home/aniket/projects/blockchain","execPath":"/usr/bin/nodejs","version":"v8.4.0","argv":["node","/home/aniket/projects/blockchain/server.js"],"memoryUsage":{"rss":138919936,"heapTotal":103493632,"heapUsed":64382184,"external":57393}},"os":{"loadavg":[0.5869140625,0.47265625,0.5078125],"uptime":11772},"trace":[{"column":29,"file":"/home/aniket/projects/blockchain/src/services/peer/index.js","function":null,"line":9,"method":null,"native":false},{"column":13,"file":"events.js","function":"emitNone","line":105,"method":null,"native":false},{"column":7,"file":"events.js","function":"WebSocket.emit","line":207,"method":"emit","native":false},{"column":10,"file":"/home/aniket/projects/blockchain/node_modules/ws/lib/WebSocket.js","function":"WebSocket.setSocket","line":167,"method":"setSocket","native":false},{"column":10,"file":"/home/aniket/projects/blockchain/node_modules/ws/lib/WebSocket.js","function":"ClientRequest._req.on","line":716,"method":"on","native":false},{"column":13,"file":"events.js","function":"emitThree","line":135,"method":null,"native":false},{"column":7,"file":"events.js","function":"ClientRequest.emit","line":216,"method":"emit","native":false},{"column":11,"file":"_http_client.js","function":"Socket.socketOnData","line":486,"method":"socketOnData","native":false},{"column":13,"file":"events.js","function":"emitOne","line":115,"method":null,"native":false},{"column":7,"file":"events.js","function":"Socket.emit","line":210,"method":"emit","native":false}],"stack":["TypeError: (0 , _init.initConnection) is not a function","    at WebSocket.<anonymous> (/home/aniket/projects/blockchain/src/services/peer/index.js:9:29)","    at emitNone (events.js:105:13)","    at WebSocket.emit (events.js:207:7)","    at WebSocket.setSocket (/home/aniket/projects/blockchain/node_modules/ws/lib/WebSocket.js:167:10)","    at ClientRequest._req.on (/home/aniket/projects/blockchain/node_modules/ws/lib/WebSocket.js:716:10)","    at emitThree (events.js:135:13)","    at ClientRequest.emit (events.js:216:7)","    at Socket.socketOnData (_http_client.js:486:11)","    at emitOne (events.js:115:13)","    at Socket.emit (events.js:210:7)"],"level":"error","message":"uncaughtException: (0 , _init.initConnection) is not a function","timestamp":"Wed Nov 01 2017 00:46:59 GMT+0530 (IST)"}
{"level":"info","message":"listening websocket p2p port on: 5002","timestamp":"Wed Nov 01 2017 00:48:32 GMT+0530 (IST)"}
{"level":"info","message":"Server running at http://localhost:5000/api/v1","timestamp":"Wed Nov 01 2017 00:48:33 GMT+0530 (IST)"}
{"dir":"/home/aniket/projects/blockchain/src/storage/blocks","level":"info","message":"Storage","timestamp":"Wed Nov 01 2017 00:48:33 GMT+0530 (IST)"}
{"date":"Wed Nov 01 2017 00:48:39 GMT+0530 (IST)","process":{"pid":8791,"uid":1000,"gid":1000,"cwd":"/home/aniket/projects/blockchain","execPath":"/usr/bin/nodejs","version":"v8.4.0","argv":["node","/home/aniket/projects/blockchain/server.js"],"memoryUsage":{"rss":170913792,"heapTotal":134295552,"heapUsed":105864568,"external":240687}},"os":{"loadavg":[0.86865234375,0.58203125,0.54443359375],"uptime":11872},"trace":[{"column":29,"file":"/home/aniket/projects/blockchain/src/services/peer/index.js","function":null,"line":9,"method":null,"native":false},{"column":13,"file":"events.js","function":"emitNone","line":105,"method":null,"native":false},{"column":7,"file":"events.js","function":"WebSocket.emit","line":207,"method":"emit","native":false},{"column":10,"file":"/home/aniket/projects/blockchain/node_modules/ws/lib/WebSocket.js","function":"WebSocket.setSocket","line":167,"method":"setSocket","native":false},{"column":10,"file":"/home/aniket/projects/blockchain/node_modules/ws/lib/WebSocket.js","function":"ClientRequest._req.on","line":716,"method":"on","native":false},{"column":13,"file":"events.js","function":"emitThree","line":135,"method":null,"native":false},{"column":7,"file":"events.js","function":"ClientRequest.emit","line":216,"method":"emit","native":false},{"column":11,"file":"_http_client.js","function":"Socket.socketOnData","line":486,"method":"socketOnData","native":false},{"column":13,"file":"events.js","function":"emitOne","line":115,"method":null,"native":false},{"column":7,"file":"events.js","function":"Socket.emit","line":210,"method":"emit","native":false}],"stack":["TypeError: (0 , _init.initConnection) is not a function","    at WebSocket.<anonymous> (/home/aniket/projects/blockchain/src/services/peer/index.js:9:29)","    at emitNone (events.js:105:13)","    at WebSocket.emit (events.js:207:7)","    at WebSocket.setSocket (/home/aniket/projects/blockchain/node_modules/ws/lib/WebSocket.js:167:10)","    at ClientRequest._req.on (/home/aniket/projects/blockchain/node_modules/ws/lib/WebSocket.js:716:10)","    at emitThree (events.js:135:13)","    at ClientRequest.emit (events.js:216:7)","    at Socket.socketOnData (_http_client.js:486:11)","    at emitOne (events.js:115:13)","    at Socket.emit (events.js:210:7)"],"level":"error","message":"uncaughtException: (0 , _init.initConnection) is not a function","timestamp":"Wed Nov 01 2017 00:48:39 GMT+0530 (IST)"}
{"level":"info","message":"listening websocket p2p port on: 5002","timestamp":"Wed Nov 01 2017 00:51:26 GMT+0530 (IST)"}
{"level":"info","message":"Server running at http://localhost:5000/api/v1","timestamp":"Wed Nov 01 2017 00:51:26 GMT+0530 (IST)"}
{"dir":"/home/aniket/projects/blockchain/src/storage/blocks","level":"info","message":"Storage","timestamp":"Wed Nov 01 2017 00:51:26 GMT+0530 (IST)"}
{"date":"Wed Nov 01 2017 00:52:13 GMT+0530 (IST)","process":{"pid":8886,"uid":1000,"gid":1000,"cwd":"/home/aniket/projects/blockchain","execPath":"/usr/bin/nodejs","version":"v8.4.0","argv":["node","/home/aniket/projects/blockchain/server.js"],"memoryUsage":{"rss":177352704,"heapTotal":132853760,"heapUsed":72907568,"external":240699}},"os":{"loadavg":[0.2578125,0.39013671875,0.47021484375],"uptime":12085},"trace":[{"column":29,"file":"/home/aniket/projects/blockchain/src/services/peer/index.js","function":null,"line":9,"method":null,"native":false},{"column":13,"file":"events.js","function":"emitNone","line":105,"method":null,"native":false},{"column":7,"file":"events.js","function":"WebSocket.emit","line":207,"method":"emit","native":false},{"column":10,"file":"/home/aniket/projects/blockchain/node_modules/ws/lib/WebSocket.js","function":"WebSocket.setSocket","line":167,"method":"setSocket","native":false},{"column":10,"file":"/home/aniket/projects/blockchain/node_modules/ws/lib/WebSocket.js","function":"ClientRequest._req.on","line":716,"method":"on","native":false},{"column":13,"file":"events.js","function":"emitThree","line":135,"method":null,"native":false},{"column":7,"file":"events.js","function":"ClientRequest.emit","line":216,"method":"emit","native":false},{"column":11,"file":"_http_client.js","function":"Socket.socketOnData","line":486,"method":"socketOnData","native":false},{"column":13,"file":"events.js","function":"emitOne","line":115,"method":null,"native":false},{"column":7,"file":"events.js","function":"Socket.emit","line":210,"method":"emit","native":false}],"stack":["TypeError: (0 , _init.initConnection) is not a function","    at WebSocket.<anonymous> (/home/aniket/projects/blockchain/src/services/peer/index.js:9:29)","    at emitNone (events.js:105:13)","    at WebSocket.emit (events.js:207:7)","    at WebSocket.setSocket (/home/aniket/projects/blockchain/node_modules/ws/lib/WebSocket.js:167:10)","    at ClientRequest._req.on (/home/aniket/projects/blockchain/node_modules/ws/lib/WebSocket.js:716:10)","    at emitThree (events.js:135:13)","    at ClientRequest.emit (events.js:216:7)","    at Socket.socketOnData (_http_client.js:486:11)","    at emitOne (events.js:115:13)","    at Socket.emit (events.js:210:7)"],"level":"error","message":"uncaughtException: (0 , _init.initConnection) is not a function","timestamp":"Wed Nov 01 2017 00:52:13 GMT+0530 (IST)"}
{"level":"info","message":"listening websocket p2p port on: 5002","timestamp":"Wed Nov 01 2017 00:52:34 GMT+0530 (IST)"}
{"level":"info","message":"Server running at http://localhost:5000/api/v1","timestamp":"Wed Nov 01 2017 00:52:35 GMT+0530 (IST)"}
{"dir":"/home/aniket/projects/blockchain/src/storage/blocks","level":"info","message":"Storage","timestamp":"Wed Nov 01 2017 00:52:35 GMT+0530 (IST)"}
{"date":"Wed Nov 01 2017 00:52:44 GMT+0530 (IST)","process":{"pid":8959,"uid":1000,"gid":1000,"cwd":"/home/aniket/projects/blockchain","execPath":"/usr/bin/nodejs","version":"v8.4.0","argv":["node","/home/aniket/projects/blockchain/server.js"],"memoryUsage":{"rss":167419904,"heapTotal":131805184,"heapUsed":72813984,"external":240687}},"os":{"loadavg":[0.353515625,0.39990234375,0.4697265625],"uptime":12117},"trace":[{"column":29,"file":"/home/aniket/projects/blockchain/src/services/peer/index.js","function":null,"line":9,"method":null,"native":false},{"column":13,"file":"events.js","function":"emitNone","line":105,"method":null,"native":false},{"column":7,"file":"events.js","function":"WebSocket.emit","line":207,"method":"emit","native":false},{"column":10,"file":"/home/aniket/projects/blockchain/node_modules/ws/lib/WebSocket.js","function":"WebSocket.setSocket","line":167,"method":"setSocket","native":false},{"column":10,"file":"/home/aniket/projects/blockchain/node_modules/ws/lib/WebSocket.js","function":"ClientRequest._req.on","line":716,"method":"on","native":false},{"column":13,"file":"events.js","function":"emitThree","line":135,"method":null,"native":false},{"column":7,"file":"events.js","function":"ClientRequest.emit","line":216,"method":"emit","native":false},{"column":11,"file":"_http_client.js","function":"Socket.socketOnData","line":486,"method":"socketOnData","native":false},{"column":13,"file":"events.js","function":"emitOne","line":115,"method":null,"native":false},{"column":7,"file":"events.js","function":"Socket.emit","line":210,"method":"emit","native":false}],"stack":["TypeError: (0 , _init.initConnection) is not a function","    at WebSocket.<anonymous> (/home/aniket/projects/blockchain/src/services/peer/index.js:9:29)","    at emitNone (events.js:105:13)","    at WebSocket.emit (events.js:207:7)","    at WebSocket.setSocket (/home/aniket/projects/blockchain/node_modules/ws/lib/WebSocket.js:167:10)","    at ClientRequest._req.on (/home/aniket/projects/blockchain/node_modules/ws/lib/WebSocket.js:716:10)","    at emitThree (events.js:135:13)","    at ClientRequest.emit (events.js:216:7)","    at Socket.socketOnData (_http_client.js:486:11)","    at emitOne (events.js:115:13)","    at Socket.emit (events.js:210:7)"],"level":"error","message":"uncaughtException: (0 , _init.initConnection) is not a function","timestamp":"Wed Nov 01 2017 00:52:44 GMT+0530 (IST)"}
{"level":"info","message":"listening websocket p2p port on: 5002","timestamp":"Wed Nov 01 2017 00:54:04 GMT+0530 (IST)"}
{"level":"info","message":"Server running at http://localhost:5000/api/v1","timestamp":"Wed Nov 01 2017 00:54:05 GMT+0530 (IST)"}
{"dir":"/home/aniket/projects/blockchain/src/storage/blocks","level":"info","message":"Storage","timestamp":"Wed Nov 01 2017 00:54:05 GMT+0530 (IST)"}
{"date":"Wed Nov 01 2017 00:56:32 GMT+0530 (IST)","process":{"pid":9035,"uid":1000,"gid":1000,"cwd":"/home/aniket/projects/blockchain","execPath":"/usr/bin/nodejs","version":"v8.4.0","argv":["node","/home/aniket/projects/blockchain/server.js"],"memoryUsage":{"rss":148434944,"heapTotal":66793472,"heapUsed":62550016,"external":25173}},"os":{"loadavg":[0.23681640625,0.40283203125,0.4541015625],"uptime":12345},"trace":[{"column":29,"file":"/home/aniket/projects/blockchain/src/services/peer/index.js","function":null,"line":9,"method":null,"native":false},{"column":13,"file":"events.js","function":"emitNone","line":105,"method":null,"native":false},{"column":7,"file":"events.js","function":"WebSocket.emit","line":207,"method":"emit","native":false},{"column":10,"file":"/home/aniket/projects/blockchain/node_modules/ws/lib/WebSocket.js","function":"WebSocket.setSocket","line":167,"method":"setSocket","native":false},{"column":10,"file":"/home/aniket/projects/blockchain/node_modules/ws/lib/WebSocket.js","function":"ClientRequest._req.on","line":716,"method":"on","native":false},{"column":13,"file":"events.js","function":"emitThree","line":135,"method":null,"native":false},{"column":7,"file":"events.js","function":"ClientRequest.emit","line":216,"method":"emit","native":false},{"column":11,"file":"_http_client.js","function":"Socket.socketOnData","line":486,"method":"socketOnData","native":false},{"column":13,"file":"events.js","function":"emitOne","line":115,"method":null,"native":false},{"column":7,"file":"events.js","function":"Socket.emit","line":210,"method":"emit","native":false}],"stack":["TypeError: (0 , _init.initConnection) is not a function","    at WebSocket.<anonymous> (/home/aniket/projects/blockchain/src/services/peer/index.js:9:29)","    at emitNone (events.js:105:13)","    at WebSocket.emit (events.js:207:7)","    at WebSocket.setSocket (/home/aniket/projects/blockchain/node_modules/ws/lib/WebSocket.js:167:10)","    at ClientRequest._req.on (/home/aniket/projects/blockchain/node_modules/ws/lib/WebSocket.js:716:10)","    at emitThree (events.js:135:13)","    at ClientRequest.emit (events.js:216:7)","    at Socket.socketOnData (_http_client.js:486:11)","    at emitOne (events.js:115:13)","    at Socket.emit (events.js:210:7)"],"level":"error","message":"uncaughtException: (0 , _init.initConnection) is not a function","timestamp":"Wed Nov 01 2017 00:56:32 GMT+0530 (IST)"}
{"level":"info","message":"listening websocket p2p port on: 5002","timestamp":"Wed Nov 01 2017 00:57:55 GMT+0530 (IST)"}
{"level":"info","message":"Server running at http://localhost:5000/api/v1","timestamp":"Wed Nov 01 2017 00:57:56 GMT+0530 (IST)"}
{"dir":"/home/aniket/projects/blockchain/src/storage/blocks","level":"info","message":"Storage","timestamp":"Wed Nov 01 2017 00:57:56 GMT+0530 (IST)"}
{"date":"Wed Nov 01 2017 00:59:54 GMT+0530 (IST)","process":{"pid":9198,"uid":1000,"gid":1000,"cwd":"/home/aniket/projects/blockchain","execPath":"/usr/bin/nodejs","version":"v8.4.0","argv":["node","/home/aniket/projects/blockchain/server.js"],"memoryUsage":{"rss":148586496,"heapTotal":66793472,"heapUsed":62532728,"external":25173}},"os":{"loadavg":[0.357421875,0.4306640625,0.4541015625],"uptime":12546},"trace":[{"column":29,"file":"/home/aniket/projects/blockchain/src/services/peer/index.js","function":null,"line":9,"method":null,"native":false},{"column":13,"file":"events.js","function":"emitNone","line":105,"method":null,"native":false},{"column":7,"file":"events.js","function":"WebSocket.emit","line":207,"method":"emit","native":false},{"column":10,"file":"/home/aniket/projects/blockchain/node_modules/ws/lib/WebSocket.js","function":"WebSocket.setSocket","line":167,"method":"setSocket","native":false},{"column":10,"file":"/home/aniket/projects/blockchain/node_modules/ws/lib/WebSocket.js","function":"ClientRequest._req.on","line":716,"method":"on","native":false},{"column":13,"file":"events.js","function":"emitThree","line":135,"method":null,"native":false},{"column":7,"file":"events.js","function":"ClientRequest.emit","line":216,"method":"emit","native":false},{"column":11,"file":"_http_client.js","function":"Socket.socketOnData","line":486,"method":"socketOnData","native":false},{"column":13,"file":"events.js","function":"emitOne","line":115,"method":null,"native":false},{"column":7,"file":"events.js","function":"Socket.emit","line":210,"method":"emit","native":false}],"stack":["TypeError: (0 , _init.initConnection) is not a function","    at WebSocket.<anonymous> (/home/aniket/projects/blockchain/src/services/peer/index.js:9:29)","    at emitNone (events.js:105:13)","    at WebSocket.emit (events.js:207:7)","    at WebSocket.setSocket (/home/aniket/projects/blockchain/node_modules/ws/lib/WebSocket.js:167:10)","    at ClientRequest._req.on (/home/aniket/projects/blockchain/node_modules/ws/lib/WebSocket.js:716:10)","    at emitThree (events.js:135:13)","    at ClientRequest.emit (events.js:216:7)","    at Socket.socketOnData (_http_client.js:486:11)","    at emitOne (events.js:115:13)","    at Socket.emit (events.js:210:7)"],"level":"error","message":"uncaughtException: (0 , _init.initConnection) is not a function","timestamp":"Wed Nov 01 2017 00:59:54 GMT+0530 (IST)"}
{"level":"info","message":"listening websocket p2p port on: 5002","timestamp":"Wed Nov 01 2017 01:01:24 GMT+0530 (IST)"}
{"level":"info","message":"Server running at http://localhost:5000/api/v1","timestamp":"Wed Nov 01 2017 01:01:24 GMT+0530 (IST)"}
{"dir":"/home/aniket/projects/blockchain/src/storage/blocks","level":"info","message":"Storage","timestamp":"Wed Nov 01 2017 01:01:24 GMT+0530 (IST)"}
{"level":"info","message":"Received message{\"type\":0}","timestamp":"Wed Nov 01 2017 01:01:50 GMT+0530 (IST)"}
{"level":"info","message":"Received message{\"type\":2,\"data\":\"[{\\\"index\\\":1,\\\"previousHash\\\":\\\"816534932c2b7154836da6afc367695e6337db8a921823784c14378abed4f7d7\\\",\\\"timestamp\\\":1509396072.43,\\\"data\\\":\\\"1\\\",\\\"hash\\\":\\\"bb1544cc828fb2bba3be15463c07a31761af9f664058d8a619aaf66dfd2b3af5\\\"}]\"}","timestamp":"Wed Nov 01 2017 01:01:50 GMT+0530 (IST)"}
{"level":"info","message":"hello","timestamp":"Wed Nov 01 2017 01:01:50 GMT+0530 (IST)"}
{"level":"info","message":"Received message{\"type\":0}","timestamp":"Wed Nov 01 2017 01:04:08 GMT+0530 (IST)"}
{"level":"info","message":"Received message{\"type\":2,\"data\":\"[{\\\"index\\\":1,\\\"previousHash\\\":\\\"816534932c2b7154836da6afc367695e6337db8a921823784c14378abed4f7d7\\\",\\\"timestamp\\\":1509396072.43,\\\"data\\\":\\\"1\\\",\\\"hash\\\":\\\"bb1544cc828fb2bba3be15463c07a31761af9f664058d8a619aaf66dfd2b3af5\\\"}]\"}","timestamp":"Wed Nov 01 2017 01:04:08 GMT+0530 (IST)"}
{"level":"info","message":"hello","timestamp":"Wed Nov 01 2017 01:04:08 GMT+0530 (IST)"}
{"level":"error","message":"connection failed","timestamp":"Wed Nov 01 2017 01:04:24 GMT+0530 (IST)"}
{"level":"info","message":"connection failed to peer: ws://127.0.0.1:6002","timestamp":"Wed Nov 01 2017 01:25:21 GMT+0530 (IST)"}
{"level":"info","message":"connection failed to peer: ws://192.168.122.1:6002","timestamp":"Wed Nov 01 2017 01:25:21 GMT+0530 (IST)"}
{"level":"info","message":"Received message{\"type\":0}","timestamp":"Wed Nov 01 2017 01:41:39 GMT+0530 (IST)"}
{"level":"info","message":"Received message{\"type\":2,\"data\":\"[{\\\"index\\\":0,\\\"previousHash\\\":\\\"0\\\",\\\"timestamp\\\":1465154705,\\\"data\\\":\\\"Genesis block!!\\\",\\\"hash\\\":\\\"816534932c2b7154836da6afc367695e6337db8a921823784c14378abed4f7d7\\\"}]\"}","timestamp":"Wed Nov 01 2017 01:41:39 GMT+0530 (IST)"}
{"level":"info","message":"hello","timestamp":"Wed Nov 01 2017 01:41:39 GMT+0530 (IST)"}
{"level":"info","message":"connection failed to peer: ws://127.0.0.1:7002","timestamp":"Wed Nov 01 2017 02:00:21 GMT+0530 (IST)"}
{"level":"info","message":"listening websocket p2p port on: 5002","timestamp":"Tue Dec 05 2017 23:00:10 GMT+0530 (IST)"}
{"level":"info","message":"Server running at http://localhost:5000/api/v1","timestamp":"Tue Dec 05 2017 23:00:10 GMT+0530 (IST)"}
{"dir":"/home/aniket/projects/blockchain/src/storage/blocks","level":"info","message":"Storage","timestamp":"Tue Dec 05 2017 23:00:10 GMT+0530 (IST)"}
{"level":"error","message":"connection failed","timestamp":"Tue Dec 05 2017 23:05:41 GMT+0530 (IST)"}
{"level":"info","message":"listening websocket p2p port on: 5002","timestamp":"Wed Dec 06 2017 00:00:36 GMT+0530 (IST)"}
{"level":"info","message":"Server running at http://localhost:5000/api/v1","timestamp":"Wed Dec 06 2017 00:00:37 GMT+0530 (IST)"}
{"dir":"/home/aniket/projects/blockchain/src/storage/blocks","level":"info","message":"Storage","timestamp":"Wed Dec 06 2017 00:00:37 GMT+0530 (IST)"}
{"level":"info","message":"listening websocket p2p port on: 5002","timestamp":"Sun Dec 10 2017 00:20:43 GMT+0530 (IST)"}
{"level":"info","message":"Server running at http://localhost:5000/api/v1","timestamp":"Sun Dec 10 2017 00:20:44 GMT+0530 (IST)"}
{"dir":"/home/aniket/projects/blockchain/src/storage/blocks","level":"info","message":"Storage","timestamp":"Sun Dec 10 2017 00:20:44 GMT+0530 (IST)"}
{"level":"info","message":"Received message{\"type\":0}","timestamp":"Sun Dec 10 2017 00:25:02 GMT+0530 (IST)"}
{"level":"info","message":"Received message{\"type\":2,\"data\":\"[{\\\"index\\\":0,\\\"previousHash\\\":\\\"0\\\",\\\"timestamp\\\":1465154705,\\\"data\\\":\\\"Genesis block!!\\\",\\\"hash\\\":\\\"816534932c2b7154836da6afc367695e6337db8a921823784c14378abed4f7d7\\\"}]\"}","timestamp":"Sun Dec 10 2017 00:25:02 GMT+0530 (IST)"}
{"level":"info","message":"hello","timestamp":"Sun Dec 10 2017 00:25:02 GMT+0530 (IST)"}
{"level":"info","message":"listening websocket p2p port on: 5002","timestamp":"Sun Dec 10 2017 00:36:21 GMT+0530 (IST)"}
{"level":"info","message":"Server running at http://localhost:5000/api/v1","timestamp":"Sun Dec 10 2017 00:36:21 GMT+0530 (IST)"}
{"dir":"/home/aniket/projects/blockchain/src/storage/blocks","level":"info","message":"Storage","timestamp":"Sun Dec 10 2017 00:36:21 GMT+0530 (IST)"}
{"level":"info","message":"Received message{\"type\":0}","timestamp":"Sun Dec 10 2017 00:36:28 GMT+0530 (IST)"}
{"level":"info","message":"Received message{\"type\":2,\"data\":\"[{\\\"index\\\":0,\\\"previousHash\\\":\\\"0\\\",\\\"timestamp\\\":1465154705,\\\"data\\\":\\\"Genesis block!!\\\",\\\"hash\\\":\\\"816534932c2b7154836da6afc367695e6337db8a921823784c14378abed4f7d7\\\"}]\"}","timestamp":"Sun Dec 10 2017 00:36:28 GMT+0530 (IST)"}
{"level":"info","message":"hello","timestamp":"Sun Dec 10 2017 00:36:28 GMT+0530 (IST)"}
{"level":"info","message":"listening websocket p2p port on: 5002","timestamp":"Sun Dec 10 2017 00:39:20 GMT+0530 (IST)"}
{"level":"info","message":"Server running at http://localhost:5000/api/v1","timestamp":"Sun Dec 10 2017 00:39:20 GMT+0530 (IST)"}
{"dir":"/home/aniket/projects/blockchain/src/storage/blocks","level":"info","message":"Storage","timestamp":"Sun Dec 10 2017 00:39:20 GMT+0530 (IST)"}
{"level":"info","message":"Received message{\"type\":0}","timestamp":"Sun Dec 10 2017 00:39:31 GMT+0530 (IST)"}
{"level":"info","message":"Received message{\"type\":2,\"data\":\"[{\\\"index\\\":0,\\\"previousHash\\\":\\\"0\\\",\\\"timestamp\\\":1465154705,\\\"data\\\":\\\"Genesis block!!\\\",\\\"hash\\\":\\\"816534932c2b7154836da6afc367695e6337db8a921823784c14378abed4f7d7\\\"}]\"}","timestamp":"Sun Dec 10 2017 00:39:31 GMT+0530 (IST)"}
{"level":"info","message":"hello","timestamp":"Sun Dec 10 2017 00:39:31 GMT+0530 (IST)"}
{"level":"info","message":"listening websocket p2p port on: 5002","timestamp":"Sun Dec 10 2017 01:38:47 GMT+0530 (IST)"}
{"level":"info","message":"Server running at http://localhost:5000/api/v1","timestamp":"Sun Dec 10 2017 01:38:48 GMT+0530 (IST)"}
{"dir":"/home/aniket/projects/blockchain/src/storage/blocks","level":"info","message":"Storage","timestamp":"Sun Dec 10 2017 01:38:48 GMT+0530 (IST)"}
{"level":"info","message":"Block with index 3 added to storage","timestamp":"Sun Dec 10 2017 01:39:33 GMT+0530 (IST)"}
{"level":"info","message":"Received message{\"type\":0}","timestamp":"Sun Dec 10 2017 01:39:56 GMT+0530 (IST)"}
{"level":"info","message":"Received message{\"type\":2,\"data\":\"[{\\\"index\\\":1,\\\"previousHash\\\":\\\"816534932c2b7154836da6afc367695e6337db8a921823784c14378abed4f7d7\\\",\\\"timestamp\\\":1512849853.784,\\\"data\\\":\\\" 7 000 data\\\",\\\"hash\\\":\\\"e7f05c5bfcfd7234b038137e02822e1fea8435a6ca106647040fecea88b2df85\\\"}]\"}","timestamp":"Sun Dec 10 2017 01:39:56 GMT+0530 (IST)"}
{"level":"info","message":"hello","timestamp":"Sun Dec 10 2017 01:39:56 GMT+0530 (IST)"}
{"level":"info","message":"received blockchain is not longer than received blockchain. Do nothing","timestamp":"Sun Dec 10 2017 01:39:56 GMT+0530 (IST)"}
{"level":"info","message":"listening websocket p2p port on: 5002","timestamp":"Sun Dec 10 2017 01:45:18 GMT+0530 (IST)"}
{"level":"info","message":"Server running at http://localhost:5000/api/v1","timestamp":"Sun Dec 10 2017 01:45:19 GMT+0530 (IST)"}
{"dir":"/home/aniket/projects/blockchain/src/storage/blocks","level":"info","message":"Storage","timestamp":"Sun Dec 10 2017 01:45:19 GMT+0530 (IST)"}
{"level":"info","message":"Received message{\"type\":0}","timestamp":"Sun Dec 10 2017 01:46:59 GMT+0530 (IST)"}
{"level":"info","message":"Received message{\"type\":2,\"data\":\"[{\\\"index\\\":1,\\\"previousHash\\\":\\\"816534932c2b7154836da6afc367695e6337db8a921823784c14378abed4f7d7\\\",\\\"timestamp\\\":1512849853.784,\\\"data\\\":\\\" 7 000 data\\\",\\\"hash\\\":\\\"e7f05c5bfcfd7234b038137e02822e1fea8435a6ca106647040fecea88b2df85\\\"}]\"}","timestamp":"Sun Dec 10 2017 01:46:59 GMT+0530 (IST)"}
{"level":"info","message":"hello","timestamp":"Sun Dec 10 2017 01:46:59 GMT+0530 (IST)"}
{"level":"info","message":"received blockchain is not longer than existing blockchain. Do nothing","timestamp":"Sun Dec 10 2017 01:46:59 GMT+0530 (IST)"}
{"level":"info","message":"Received message{\"type\":1}","timestamp":"Sun Dec 10 2017 01:46:59 GMT+0530 (IST)"}
{"level":"info","message":"connection failed to peer: ws://127.0.0.1:7002","timestamp":"Sun Dec 10 2017 01:47:02 GMT+0530 (IST)"}
{"level":"info","message":"Received message{\"type\":0}","timestamp":"Sun Dec 10 2017 01:55:34 GMT+0530 (IST)"}
{"level":"info","message":"Received message{\"type\":2,\"data\":\"[{\\\"index\\\":1,\\\"previousHash\\\":\\\"816534932c2b7154836da6afc367695e6337db8a921823784c14378abed4f7d7\\\",\\\"timestamp\\\":1512849853.784,\\\"data\\\":\\\" 7 000 data\\\",\\\"hash\\\":\\\"e7f05c5bfcfd7234b038137e02822e1fea8435a6ca106647040fecea88b2df85\\\"}]\"}","timestamp":"Sun Dec 10 2017 01:55:34 GMT+0530 (IST)"}
{"level":"info","message":"hello","timestamp":"Sun Dec 10 2017 01:55:34 GMT+0530 (IST)"}
{"level":"info","message":"received blockchain is not longer than existing blockchain. Do nothing","timestamp":"Sun Dec 10 2017 01:55:34 GMT+0530 (IST)"}
{"level":"info","message":"Received message{\"type\":1}","timestamp":"Sun Dec 10 2017 01:55:34 GMT+0530 (IST)"}
{"level":"info","message":"connection failed to peer: ws://127.0.0.1:7002","timestamp":"Sun Dec 10 2017 01:55:54 GMT+0530 (IST)"}
{"level":"error","message":"connection failed","timestamp":"Sun Dec 10 2017 01:56:54 GMT+0530 (IST)"}
{"level":"info","message":"Received message{\"type\":0}","timestamp":"Sun Dec 10 2017 01:57:53 GMT+0530 (IST)"}
{"level":"info","message":"Received message{\"type\":2,\"data\":\"[{\\\"index\\\":1,\\\"previousHash\\\":\\\"816534932c2b7154836da6afc367695e6337db8a921823784c14378abed4f7d7\\\",\\\"timestamp\\\":1512849853.784,\\\"data\\\":\\\" 7 000 data\\\",\\\"hash\\\":\\\"e7f05c5bfcfd7234b038137e02822e1fea8435a6ca106647040fecea88b2df85\\\"}]\"}","timestamp":"Sun Dec 10 2017 01:57:53 GMT+0530 (IST)"}
{"level":"info","message":"hello","timestamp":"Sun Dec 10 2017 01:57:53 GMT+0530 (IST)"}
{"level":"info","message":"received blockchain is not longer than existing blockchain. Do nothing","timestamp":"Sun Dec 10 2017 01:57:53 GMT+0530 (IST)"}
{"level":"info","message":"Received message{\"type\":1}","timestamp":"Sun Dec 10 2017 01:57:53 GMT+0530 (IST)"}
{"level":"info","message":"connection failed to peer: ws://127.0.0.1:7002","timestamp":"Sun Dec 10 2017 02:00:37 GMT+0530 (IST)"}
{"level":"info","message":"Received message{\"type\":0}","timestamp":"Sun Dec 10 2017 02:01:57 GMT+0530 (IST)"}
{"level":"info","message":"Received message{\"type\":2,\"data\":\"[{\\\"index\\\":1,\\\"previousHash\\\":\\\"816534932c2b7154836da6afc367695e6337db8a921823784c14378abed4f7d7\\\",\\\"timestamp\\\":1512849853.784,\\\"data\\\":\\\" 7 000 data\\\",\\\"hash\\\":\\\"e7f05c5bfcfd7234b038137e02822e1fea8435a6ca106647040fecea88b2df85\\\"}]\"}","timestamp":"Sun Dec 10 2017 02:01:57 GMT+0530 (IST)"}
{"level":"info","message":"hello","timestamp":"Sun Dec 10 2017 02:01:57 GMT+0530 (IST)"}
{"level":"info","message":"received blockchain is not longer than existing blockchain. Do nothing","timestamp":"Sun Dec 10 2017 02:01:57 GMT+0530 (IST)"}
{"level":"info","message":"Received message{\"type\":1}","timestamp":"Sun Dec 10 2017 02:01:57 GMT+0530 (IST)"}
{"level":"info","message":"connection failed to peer: ws://127.0.0.1:7002","timestamp":"Sun Dec 10 2017 02:02:49 GMT+0530 (IST)"}
{"level":"info","message":"Received message{\"type\":0}","timestamp":"Sun Dec 10 2017 02:04:00 GMT+0530 (IST)"}
{"level":"info","message":"Received message{\"type\":2,\"data\":\"[{\\\"index\\\":1,\\\"previousHash\\\":\\\"816534932c2b7154836da6afc367695e6337db8a921823784c14378abed4f7d7\\\",\\\"timestamp\\\":1512849853.784,\\\"data\\\":\\\" 7 000 data\\\",\\\"hash\\\":\\\"e7f05c5bfcfd7234b038137e02822e1fea8435a6ca106647040fecea88b2df85\\\"}]\"}","timestamp":"Sun Dec 10 2017 02:04:00 GMT+0530 (IST)"}
{"level":"info","message":"hello","timestamp":"Sun Dec 10 2017 02:04:00 GMT+0530 (IST)"}
{"level":"info","message":"received blockchain is not longer than existing blockchain. Do nothing","timestamp":"Sun Dec 10 2017 02:04:00 GMT+0530 (IST)"}
{"level":"info","message":"Received message{\"type\":1}","timestamp":"Sun Dec 10 2017 02:04:00 GMT+0530 (IST)"}
{"level":"info","message":"connection failed to peer: ws://127.0.0.1:7002","timestamp":"Sun Dec 10 2017 02:07:45 GMT+0530 (IST)"}
{"level":"info","message":"Block with index 4 added to storage","timestamp":"Sun Dec 10 2017 02:10:17 GMT+0530 (IST)"}
{"level":"info","message":"Received message{\"type\":0}","timestamp":"Sun Dec 10 2017 02:10:25 GMT+0530 (IST)"}
{"level":"info","message":"Received message{\"type\":2,\"data\":\"[{\\\"index\\\":1,\\\"previousHash\\\":\\\"816534932c2b7154836da6afc367695e6337db8a921823784c14378abed4f7d7\\\",\\\"timestamp\\\":1512849853.784,\\\"data\\\":\\\" 7 000 data\\\",\\\"hash\\\":\\\"e7f05c5bfcfd7234b038137e02822e1fea8435a6ca106647040fecea88b2df85\\\"}]\"}","timestamp":"Sun Dec 10 2017 02:10:25 GMT+0530 (IST)"}
{"level":"info","message":"hello","timestamp":"Sun Dec 10 2017 02:10:25 GMT+0530 (IST)"}
{"level":"info","message":"received blockchain is not longer than existing blockchain. Do nothing","timestamp":"Sun Dec 10 2017 02:10:25 GMT+0530 (IST)"}
{"level":"info","message":"Received message{\"type\":1}","timestamp":"Sun Dec 10 2017 02:10:25 GMT+0530 (IST)"}
{"level":"info","message":"Received message{\"type\":2,\"data\":\"[{\\\"index\\\":4,\\\"previousHash\\\":\\\"abd1045b9b103f496440d71a255270d5ef6135330a3ae501e019046142518442\\\",\\\"timestamp\\\":1512852017.276,\\\"data\\\":\\\"new data\\\",\\\"hash\\\":\\\"1ec491e676a4df000e116a0e07bca5df773c4b5f2010be069e448f07502975bb\\\"}]\"}","timestamp":"Sun Dec 10 2017 02:11:13 GMT+0530 (IST)"}
{"level":"info","message":"hello","timestamp":"Sun Dec 10 2017 02:11:13 GMT+0530 (IST)"}
{"level":"info","message":"received blockchain is not longer than existing blockchain. Do nothing","timestamp":"Sun Dec 10 2017 02:11:13 GMT+0530 (IST)"}
{"level":"info","message":"connection failed to peer: ws://127.0.0.1:7002","timestamp":"Sun Dec 10 2017 02:14:12 GMT+0530 (IST)"}
{"level":"info","message":"listening websocket p2p port on: 5002","timestamp":"Sun Dec 10 2017 02:17:16 GMT+0530 (IST)"}
{"level":"info","message":"Server running at http://localhost:5000/api/v1","timestamp":"Sun Dec 10 2017 02:17:16 GMT+0530 (IST)"}
{"dir":"/home/aniket/projects/blockchain/src/storage/blocks","level":"info","message":"Storage","timestamp":"Sun Dec 10 2017 02:17:16 GMT+0530 (IST)"}
{"level":"info","message":"Received message{\"type\":0}","timestamp":"Sun Dec 10 2017 02:19:29 GMT+0530 (IST)"}
{"level":"info","message":"Received message{\"type\":2,\"data\":\"[{\\\"index\\\":0,\\\"previousHash\\\":\\\"0\\\",\\\"timestamp\\\":1465154705,\\\"data\\\":\\\"Genesis block!!\\\",\\\"hash\\\":\\\"816534932c2b7154836da6afc367695e6337db8a921823784c14378abed4f7d7\\\"}]\"}","timestamp":"Sun Dec 10 2017 02:19:29 GMT+0530 (IST)"}
{"level":"info","message":"hello","timestamp":"Sun Dec 10 2017 02:19:29 GMT+0530 (IST)"}
{"level":"info","message":"received blockchain is not longer than existing blockchain. Do nothing","timestamp":"Sun Dec 10 2017 02:19:29 GMT+0530 (IST)"}
{"level":"info","message":"Received message{\"type\":1}","timestamp":"Sun Dec 10 2017 02:19:29 GMT+0530 (IST)"}
{"level":"info","message":"connection failed to peer: ws://127.0.0.1:7002","timestamp":"Sun Dec 10 2017 02:19:32 GMT+0530 (IST)"}
{"level":"info","message":"listening websocket p2p port on: 5002","timestamp":"Sun Dec 10 2017 02:22:35 GMT+0530 (IST)"}
{"level":"info","message":"Server running at http://localhost:5000/api/v1","timestamp":"Sun Dec 10 2017 02:22:36 GMT+0530 (IST)"}
{"dir":"/home/aniket/projects/blockchain/src/storage/blocks","level":"info","message":"Storage","timestamp":"Sun Dec 10 2017 02:22:36 GMT+0530 (IST)"}
{"level":"info","message":"Received message{\"type\":0}","timestamp":"Sun Dec 10 2017 02:23:04 GMT+0530 (IST)"}
{"level":"info","message":"Received message{\"type\":2,\"data\":\"[{\\\"index\\\":0,\\\"previousHash\\\":\\\"0\\\",\\\"timestamp\\\":1465154705,\\\"data\\\":\\\"Genesis block!!\\\",\\\"hash\\\":\\\"816534932c2b7154836da6afc367695e6337db8a921823784c14378abed4f7d7\\\"}]\"}","timestamp":"Sun Dec 10 2017 02:23:04 GMT+0530 (IST)"}
{"level":"info","message":"hello","timestamp":"Sun Dec 10 2017 02:23:04 GMT+0530 (IST)"}
{"level":"info","message":"received blockchain is not longer than existing blockchain. Do nothing","timestamp":"Sun Dec 10 2017 02:23:04 GMT+0530 (IST)"}
{"level":"info","message":"Received message{\"type\":1}","timestamp":"Sun Dec 10 2017 02:23:04 GMT+0530 (IST)"}
{"level":"info","message":"connection failed to peer: ws://127.0.0.1:7002","timestamp":"Sun Dec 10 2017 02:23:08 GMT+0530 (IST)"}
{"level":"info","message":"Received message{\"type\":0}","timestamp":"Sun Dec 10 2017 02:24:25 GMT+0530 (IST)"}
{"level":"info","message":"Received message{\"type\":2,\"data\":\"[{\\\"index\\\":0,\\\"previousHash\\\":\\\"0\\\",\\\"timestamp\\\":1465154705,\\\"data\\\":\\\"Genesis block!!\\\",\\\"hash\\\":\\\"816534932c2b7154836da6afc367695e6337db8a921823784c14378abed4f7d7\\\"}]\"}","timestamp":"Sun Dec 10 2017 02:24:25 GMT+0530 (IST)"}
{"level":"info","message":"hello","timestamp":"Sun Dec 10 2017 02:24:25 GMT+0530 (IST)"}
{"level":"info","message":"received blockchain is not longer than existing blockchain. Do nothing","timestamp":"Sun Dec 10 2017 02:24:25 GMT+0530 (IST)"}
{"level":"info","message":"Received message{\"type\":1}","timestamp":"Sun Dec 10 2017 02:24:25 GMT+0530 (IST)"}
{"level":"info","message":"Received message{\"type\":2,\"data\":\"[{\\\"index\\\":4,\\\"previousHash\\\":\\\"abd1045b9b103f496440d71a255270d5ef6135330a3ae501e019046142518442\\\",\\\"timestamp\\\":1512852017.276,\\\"data\\\":\\\"new data\\\",\\\"hash\\\":\\\"1ec491e676a4df000e116a0e07bca5df773c4b5f2010be069e448f07502975bb\\\"}]\"}","timestamp":"Sun Dec 10 2017 02:24:25 GMT+0530 (IST)"}
{"level":"info","message":"hello","timestamp":"Sun Dec 10 2017 02:24:25 GMT+0530 (IST)"}
{"level":"info","message":"received blockchain is not longer than existing blockchain. Do nothing","timestamp":"Sun Dec 10 2017 02:24:25 GMT+0530 (IST)"}
{"level":"info","message":"listening websocket p2p port on: 5002","timestamp":"Sun May 27 2018 13:04:44 GMT+0530 (IST)"}
{"level":"info","message":"Server running at http://localhost:5000/api/v1","timestamp":"Sun May 27 2018 13:04:45 GMT+0530 (IST)"}
{"dir":"/home/aniket/projects/blockchain/src/storage/blocks","level":"info","message":"Storage","timestamp":"Sun May 27 2018 13:04:45 GMT+0530 (IST)"}
{"level":"info","message":"Received message{\"type\":0}","timestamp":"Sun May 27 2018 13:07:37 GMT+0530 (IST)"}
{"level":"info","message":"Received message{\"type\":2,\"data\":\"[{\\\"index\\\":4,\\\"previousHash\\\":\\\"abd1045b9b103f496440d71a255270d5ef6135330a3ae501e019046142518442\\\",\\\"timestamp\\\":1512852017.276,\\\"data\\\":\\\"new data\\\",\\\"hash\\\":\\\"1ec491e676a4df000e116a0e07bca5df773c4b5f2010be069e448f07502975bb\\\"}]\"}","timestamp":"Sun May 27 2018 13:07:37 GMT+0530 (IST)"}
{"level":"info","message":"hello","timestamp":"Sun May 27 2018 13:07:37 GMT+0530 (IST)"}
{"level":"info","message":"received blockchain is not longer than existing blockchain. Do nothing","timestamp":"Sun May 27 2018 13:07:37 GMT+0530 (IST)"}
